number,value,datetime_start,datetime_complete,duration,params_colsample_bytree,params_learning_rate,params_max_depth,params_min_child_samples,params_num_leaves,params_reg_alpha,params_reg_lambda,params_subsample,user_attrs_fold_rmses,user_attrs_n_bas,user_attrs_n_haut,state
0,10.618484411650085,2026-07-02 13:22:42.126658,2026-07-02 13:24:04.860701,0 days 00:01:22.734043,0.6624074561769746,0.03574712922600244,10,19,244,2.915443189153755,0.014936568554617643,0.8394633936788146,"[11.67978199866797, 10.466065254012728, 9.709605982269562]",263,180,COMPLETE
1,10.762566089290482,2026-07-02 13:24:04.860848,2026-07-02 13:24:25.987816,0 days 00:00:21.126968,0.9329770563201687,0.07725378389307355,3,25,185,0.00541524411940254,0.035113563139704075,0.9879639408647978,"[11.690143008163606, 10.580670728941994, 10.016884530765852]",533,192,COMPLETE
2,10.565905197267725,2026-07-02 13:24:25.987973,2026-07-02 13:25:29.063243,0 days 00:01:03.075270,0.8447411578889518,0.028145092716060652,7,18,141,0.029204338471814112,0.07523742884534858,0.7164916560792167,"[11.565289006008756, 10.459048373034074, 9.673378212760346]",562,291,COMPLETE
3,10.704391744766177,2026-07-02 13:25:29.063390,2026-07-02 13:25:56.254077,0 days 00:00:27.190687,0.836965827544817,0.04717052037625178,4,9,204,0.004809461967501573,0.6647135865318027,0.8056937753654446,"[11.647506044124167, 10.554355337791325, 9.911313852383037]",573,299,COMPLETE
4,10.619118640090308,2026-07-02 13:25:56.254206,2026-07-02 13:28:28.828623,0 days 00:02:32.574417,0.7218455076693483,0.012476394272569451,12,14,243,0.057624872164786005,1.129013355909267,0.9233589392465844,"[11.684279772727454, 10.463163070420977, 9.709913077122492]",461,371,COMPLETE
5,11.016677336483282,2026-07-02 13:28:28.828776,2026-07-02 13:28:52.175434,0 days 00:00:23.346658,0.7035119926400067,0.015144860262751412,3,68,134,0.12030178871154672,0.08612579192594885,0.9637281608315128,"[11.857843915892477, 10.774117884188492, 10.418070209368876]",489,418,COMPLETE
6,10.551273812344276,2026-07-02 13:28:52.175568,2026-07-02 13:29:32.617136,0 days 00:00:40.441568,0.9757995766256756,0.06420330336297862,12,90,59,4.8696409415209025,0.621870472776908,0.9100531293444458,"[11.536120591456294, 10.481898532929426, 9.635802312647108]",350,139,COMPLETE
7,11.033277219781157,2026-07-02 13:29:32.617270,2026-07-02 13:29:55.353370,0 days 00:00:22.736100,0.7554709158757927,0.01351182947645082,3,31,62,0.026730883107816707,3.0634622106220815,0.7301321323053057,"[11.852981800015094, 10.790102774795134, 10.456747084533243]",535,445,COMPLETE
8,10.754899899474525,2026-07-02 13:29:55.353515,2026-07-02 13:30:25.324364,0 days 00:00:29.970849,0.6298202574719083,0.026000059117302653,4,99,145,0.006235377135673155,2.0736445177905027,0.9208787923016158,"[11.630821101941148, 10.592583683618573, 10.041294912863856]",597,383,COMPLETE
9,10.68828601743396,2026-07-02 13:30:25.324490,2026-07-02 13:32:48.246324,0 days 00:02:22.921834,0.9085081386743783,0.010189592979395137,10,12,211,0.0029072088906598446,0.11895896737553548,0.8916028672163949,"[11.749200787009762, 10.52554934190751, 9.790107923384607]",497,410,COMPLETE
10,10.747136664375356,2026-07-02 13:32:48.246467,2026-07-02 13:32:59.983405,0 days 00:00:11.736938,0.9906561731354216,0.26086662868271654,7,55,16,7.330495309842472,7.57377218848391,0.6071847502459278,"[11.772431154216227, 10.601012038568868, 9.867966800340977]",101,35,COMPLETE
11,10.60344581222988,2026-07-02 13:32:59.983559,2026-07-02 13:33:26.691772,0 days 00:00:26.708213,0.8260350098901954,0.08986653829201305,7,98,93,0.8121060864218553,0.2790544734622927,0.70071595784319,"[11.540339934650824, 10.540012187928454, 9.729985314110362]",244,95,COMPLETE
12,10.585038003183465,2026-07-02 13:33:26.691912,2026-07-02 13:33:50.915183,0 days 00:00:24.223271,0.8441211009670725,0.10496636334224381,7,49,76,0.4080607288147491,0.3503624723281326,0.6114610008920778,"[11.592815543505072, 10.456286605985131, 9.706011860060192]",200,69,COMPLETE
13,10.61589548672787,2026-07-02 13:33:50.915329,2026-07-02 13:34:28.783029,0 days 00:00:37.867700,0.9945595824269425,0.02543140011837739,12,72,23,0.0012082351963557468,0.07309356948948216,0.7452224600812272,"[11.54330056830667, 10.487648846439452, 9.816737045437486]",601,316,COMPLETE
14,10.54225605190265,2026-07-02 13:34:28.783175,2026-07-02 13:35:15.988570,0 days 00:00:47.205395,0.9130809144070068,0.05419717159092677,9,82,129,0.7894401073921385,0.2434132837426053,0.8066863169074608,"[11.470230330708768, 10.472398036214052, 9.68413978878513]",303,111,COMPLETE
15,10.736770711326768,2026-07-02 13:35:15.988709,2026-07-02 13:35:36.759399,0 days 00:00:20.770690,0.9281889012746768,0.17318311274906745,10,83,122,1.4013188598751214,0.2756331406212371,0.8425405748361384,"[11.615903164312066, 10.716538237863, 9.877870731805237]",69,38,COMPLETE
16,10.514998706028393,2026-07-02 13:35:36.759549,2026-07-02 13:36:17.083324,0 days 00:00:40.323775,0.9044243675990947,0.05321967059355679,9,86,51,6.66943501972239,0.5495311348299032,0.7856665984179806,"[11.467415423672758, 10.463931075225299, 9.61364961918712]",413,151,COMPLETE
17,10.665942158571916,2026-07-02 13:36:17.083466,2026-07-02 13:36:39.665739,0 days 00:00:22.582273,0.8887781922242812,0.13835862504676302,9,76,165,0.31518100224763035,0.19108553734692593,0.772457766894897,"[11.611122722561872, 10.569293541311614, 9.817410211842263]",78,51,COMPLETE
18,10.558335393293211,2026-07-02 13:36:39.665901,2026-07-02 13:37:25.681062,0 days 00:00:46.015161,0.774439933428912,0.044207413119892784,9,60,108,1.9773509103584743,1.4729168652827227,0.6783360633407317,"[11.55619439605164, 10.447148747433648, 9.67166303639434]",275,143,COMPLETE
19,10.547445977535915,2026-07-02 13:37:25.681200,2026-07-02 13:37:58.116999,0 days 00:00:32.435799,0.8939663579896714,0.06435796004882184,8,41,46,0.7606400009078323,5.661830272729053,0.7977083116476787,"[11.501260951559425, 10.464253149186744, 9.676823831861576]",344,104,COMPLETE
20,10.617540872632114,2026-07-02 13:37:58.117131,2026-07-02 13:38:46.898974,0 days 00:00:48.781843,0.954629198359287,0.020067499133995324,6,85,97,7.328306636051979,0.633715178623691,0.8659808494712584,"[11.502785151446625, 10.512407926651909, 9.837429539797807]",596,382,COMPLETE
21,10.538799876698375,2026-07-02 13:38:46.899120,2026-07-02 13:39:24.678230,0 days 00:00:37.779110,0.8809552252772734,0.055296596966522206,9,38,36,0.5903634406910423,9.891686512676042,0.7885753445217709,"[11.552411900803596, 10.420628348347302, 9.64335938094423]",494,188,COMPLETE
22,10.551124820530907,2026-07-02 13:39:24.678366,2026-07-02 13:40:01.444575,0 days 00:00:36.766209,0.8738445964974808,0.053035932413785375,9,39,39,0.14905559391530693,4.192324803088371,0.7876927254810083,"[11.56258290007671, 10.414551018183502, 9.676240543332504]",418,202,COMPLETE
23,10.535011840366442,2026-07-02 13:40:01.444726,2026-07-02 13:40:56.564609,0 days 00:00:55.119883,0.7787094917665794,0.040537045889831765,11,79,80,2.881115706521848,0.030634132638772057,0.8251323334561256,"[11.487360547373324, 10.43708605318511, 9.68058892054089]",435,179,COMPLETE
24,10.511136770373858,2026-07-02 13:40:56.564733,2026-07-02 13:41:57.579683,0 days 00:01:01.014950,0.7597239880640754,0.033989069461985655,10,65,75,3.0912479531656096,0.019989818590674824,0.7632955286971335,"[11.48377020797079, 10.414412755812531, 9.635227347338255]",525,200,COMPLETE
25,10.508549883916553,2026-07-02 13:41:57.579813,2026-07-02 13:42:58.056898,0 days 00:01:00.477085,0.7844707023078049,0.03519569233842207,11,64,78,2.7716673359046093,0.011711785677498216,0.6616065502982675,"[11.454228234440501, 10.43531195604436, 9.636109461264798]",518,174,COMPLETE
26,10.516208078543746,2026-07-02 13:42:58.057046,2026-07-02 13:43:56.789426,0 days 00:00:58.732380,0.7951010477579965,0.030182962321442672,11,64,68,9.960125378120026,0.013571176675255352,0.6349702631693611,"[11.477861857191487, 10.404266189443621, 9.666496188996126]",514,246,COMPLETE
27,10.515662643758057,2026-07-02 13:43:56.789555,2026-07-02 13:45:23.115070,0 days 00:01:26.325515,0.7286074920920786,0.01978211797587453,11,54,108,1.520493770225133,0.024203355023207012,0.6596948055991348,"[11.48698147240238, 10.40733284631371, 9.652673612558083]",581,281,COMPLETE
28,10.547877039403026,2026-07-02 13:45:23.115241,2026-07-02 13:46:07.670327,0 days 00:00:44.555086,0.6868550000082025,0.03491173216920977,8,90,51,4.0770883830766085,0.010445716804630259,0.7472876656944272,"[11.533981540816898, 10.458926450512411, 9.650723126879766]",409,264,COMPLETE
29,10.513987098379447,2026-07-02 13:46:07.670476,2026-07-02 13:47:23.352813,0 days 00:01:15.682337,0.6477639824328913,0.019907677976325387,10,72,84,2.7466444950293867,0.019077315074374837,0.6774588215303555,"[11.436262663804948, 10.413803166317981, 9.691895465015415]",595,318,COMPLETE
30,10.509377149572755,2026-07-02 13:47:23.352973,2026-07-02 13:48:42.938236,0 days 00:01:19.585263,0.6016364113495531,0.022152415183169436,11,70,82,2.5065323026147994,0.019463839406124107,0.6781596743214586,"[11.451891218980078, 10.418351362377727, 9.657888867360455]",597,286,COMPLETE
31,10.525507227754588,2026-07-02 13:48:42.938370,2026-07-02 13:50:09.118844,0 days 00:01:26.180474,0.605726259160636,0.01810641270032367,11,70,90,2.8560567382083852,0.020082673936346412,0.66447971464502,"[11.43688200822445, 10.430365996904174, 9.70927367813514]",600,315,COMPLETE
32,10.527980024514054,2026-07-02 13:50:09.119017,2026-07-02 13:51:31.244036,0 days 00:01:22.125019,0.6484353100991186,0.02257791828817903,10,62,112,1.3045119011544875,0.04529864407578256,0.6921246708073858,"[11.500464874885186, 10.423459936320045, 9.66001526233693]",584,264,COMPLETE
33,10.50336781304408,2026-07-02 13:51:31.244175,2026-07-02 13:52:24.069887,0 days 00:00:52.825712,0.6640592063976603,0.03479042492963257,11,74,83,2.537875617409442,0.04314371899177567,0.6423120366179403,"[11.445331863776717, 10.42719208232307, 9.637579493032451]",413,159,COMPLETE
34,10.494304315338214,2026-07-02 13:52:24.070045,2026-07-02 13:53:25.790606,0 days 00:01:01.720561,0.6000771907494752,0.03400520022372472,11,49,71,3.8160118172669297,0.04109881970871397,0.6316311075518078,"[11.479567885823599, 10.399584192868963, 9.603760867322078]",453,175,COMPLETE
35,10.51224173926267,2026-07-02 13:53:25.790755,2026-07-02 13:54:56.337482,0 days 00:01:30.546727,0.6064781376479759,0.03024275949414376,12,53,153,1.6733833547477126,0.04251217702822697,0.6379545037268429,"[11.492925180339489, 10.425659128762595, 9.618140908685927]",469,197,COMPLETE
36,10.50839025754862,2026-07-02 13:54:56.337618,2026-07-02 13:56:03.831957,0 days 00:01:07.494339,0.6728279397949238,0.03529291844733996,11,46,103,0.23002189613216642,0.05377044905569482,0.6331030970985075,"[11.527182467903666, 10.3911792147256, 9.606809090016588]",497,187,COMPLETE
37,10.528072032618326,2026-07-02 13:56:03.832125,2026-07-02 13:57:08.589985,0 days 00:01:04.757860,0.6806518077881214,0.03796672887730246,12,44,101,0.21239519162312287,0.05122066110450389,0.6364768445014762,"[11.546696438971473, 10.390837983717136, 9.646681675166372]",405,242,COMPLETE
38,10.58547229575595,2026-07-02 13:57:08.590132,2026-07-02 13:57:51.010433,0 days 00:00:42.420301,0.6680853339780017,0.07659500172937443,11,33,119,0.09536165746852313,0.1340549402819963,0.7133839138626559,"[11.618530338047112, 10.450987213222572, 9.686899335998168]",206,95,COMPLETE
39,10.547632893356656,2026-07-02 13:57:51.010575,2026-07-02 13:59:52.542801,0 days 00:02:01.532226,0.7169655329064458,0.015367989211927984,12,47,167,0.02837532023932577,0.0803784325341814,0.6211516389724717,"[11.520876764326683, 10.437167303018764, 9.684854612724523]",593,343,COMPLETE
